<?xml version="1.0" encoding="UTF-8"?>
<!-- Generated by org.testng.reporters.JUnitXMLReporter -->
<testsuite ignored="0" hostname="WENDELLROBLES-HP-EB-840-G3" failures="0" tests="9" name="Surefire test" time="221.926" errors="0" timestamp="2024-09-27T11:07:15 CDT">
  <testcase classname="store.com.SearchStoreByInvalidZipCodeTest" name="testSearchStoreByInvalidZipCode" time="18.241"/>
  <testcase classname="store.com.SearchStoreByZipCodeTest" name="testSearchStoreByZipCode" time="24.505"/>
  <testcase classname="store.com.SearchStoreByCityStateTest" name="testSearchStoreByCityStateDirections" time="24.965"/>
  <testcase classname="bag.com.AddProductToBagTest" name="testAddProductToBag" time="31.399"/>
  <testcase classname="bag.com.RemoveProductToBagTest" name="testRemoveProductToBag" time="35.645"/>
  <testcase classname="product.com.SearchNonExistentProductTest" name="testSearchNonExistentProduct" time="13.416"/>
  <testcase classname="product.com.SearchProductByNameTest" name="testSearchProductByName" time="24.781"/>
  <testcase classname="rewards.com.RewardsTest" name="testRewards" time="13.34"/>
  <testcase classname="FAQReturn.com.FAQReturnsTest" name="testFAQReturns" time="16.356"/>
</testsuite> <!-- Surefire test -->
