<?xml version="1.0" encoding="UTF-8"?>
<!-- Generated by org.testng.reporters.JUnitXMLReporter -->
<testsuite ignored="0" hostname="WENDELLROBLES-HP-EB-840-G3" failures="0" tests="9" name="Surefire test" time="211.776" errors="0" timestamp="2024-09-27T07:23:30 CDT">
  <testcase classname="store.com.SearchStoreByInvalidZipCodeTest" name="testUntitledTestCase" time="17.651"/>
  <testcase classname="store.com.SearchStoreByZipCodeTest" name="testSearchStoreByZipCode" time="22.26"/>
  <testcase classname="store.com.SearchStoreByCityStateTest" name="testSearchStoreByCityStateDirections" time="24.013"/>
  <testcase classname="bag.com.AddProductToBagTest" name="testUntitledTestCase" time="29.623"/>
  <testcase classname="bag.com.RemoveProductToBagTest" name="testUntitledTestCase" time="32.61"/>
  <testcase classname="product.com.SearchNonExistentProductTest" name="testUntitledTestCase" time="15.729"/>
  <testcase classname="product.com.SearchProductByNameTest" name="testUntitledTestCase" time="23.424"/>
  <testcase classname="rewards.com.RewardsTest" name="testUntitledTestCase" time="13.548"/>
  <testcase classname="FAQReturn.com.FAQReturnsTest" name="testFAQReturns" time="15.332"/>
</testsuite> <!-- Surefire test -->
